#
# A fatal error has been detected by the Java Runtime Environment:
#
#  EXCEPTION_ACCESS_VIOLATION (0xc0000005) at pc=0x000000006ec4b5bb, pid=3288, tid=0x0000000000000c70
#
# JRE version: Java(TM) SE Runtime Environment (8.0_281-b09) (build 1.8.0_281-b09)
# Java VM: Java HotSpot(TM) 64-Bit Server VM (25.281-b09 mixed mode windows-amd64 compressed oops)
# Problematic frame:
# C  0x000000006ec4b5bb
#
# Failed to write core dump. Minidumps are not enabled by default on client versions of Windows
#
# If you would like to submit a bug report, please visit:
#   http://bugreport.java.com/bugreport/crash.jsp
# The crash happened outside the Java Virtual Machine in native code.
# See problematic frame for where to report the bug.
#

---------------  T H R E A D  ---------------

Current thread (0x000001b6fac7f000):  JavaThread "JavaFX Application Thread" [_thread_in_native, id=3184, stack(0x0000001336e00000,0x0000001336f00000)]

siginfo: ExceptionCode=0xc0000005, reading address 0xfffffffffe4e83b6

Registers:
RAX=0xfffffffffe4e83b6, RBX=0x0000001336efb9a0, RCX=0x00007ffc6354c194, RDX=0x0000000000000000
RSP=0x0000001336efb930, RBP=0x0000001336efbab0, RSI=0x000001b6fac7f1f8, RDI=0x0000000000000818
R8 =0x0000001336efb828, R9 =0x0000001336efb920, R10=0x0000000000000000, R11=0x0000000000000246
R12=0x0000001336efbb60, R13=0x000001b6814fca00, R14=0x0000001336efba60, R15=0x000001b6fac7f000
RIP=0x000000006ec4b5bb, EFLAGS=0x0000000000010206

Top of Stack: (sp=0x0000001336efb930)
0x0000001336efb930:   000001b68118f1d0 000001b6814fc6e0
0x0000001336efb940:   000000006ec4b210 000001b6e3480000
0x0000001336efb950:   000001b6e3440000 0000000000000004
0x0000001336efb960:   000001b6fac7f1f8 0000000000000818
0x0000001336efb970:   0000001336efbab0 000000006ec52570
0x0000001336efb980:   000001b6fac7f000 0000001336efba60
0x0000001336efb990:   000001b6814fca00 0000001336efbb60
0x0000001336efb9a0:   000001b6814fca00 00007ffc634c5d21
0x0000001336efb9b0:   0000001336efb9e0 000001b6e3480000
0x0000001336efb9c0:   0000001336efbab0 0000000000000000
0x0000001336efb9d0:   000000006ec534e0 000000006ec53bc8
0x0000001336efb9e0:   0000001336efba10 000000006ec52621
0x0000001336efb9f0:   0000001336efb980 000001b6fac7f1f8
0x0000001336efba00:   0000000000000000 0000000000000000
0x0000001336efba10:   0000001336efbab0 000000006ec41575
0x0000001336efba20:   000000000000001c 000001b600000000 

Instructions: (pc=0x000000006ec4b5bb)
0x000000006ec4b59b:   c5 0f 1f 40 00 55 57 56 53 48 83 ec 28 48 8b 05
0x000000006ec4b5ab:   59 33 01 00 48 89 cb 48 85 c0 0f 84 c5 00 00 00
0x000000006ec4b5bb:   8b 38 85 ff 0f 88 ab 00 00 00 48 8b 05 3c 33 01
0x000000006ec4b5cb:   00 48 85 c0 0f 84 bc 00 00 00 8b 30 85 f6 74 57 


Register to memory mapping:

RAX=0xfffffffffe4e83b6 is an unknown value
RBX=0x0000001336efb9a0 is pointing into the stack for thread: 0x000001b6fac7f000
RCX=0x00007ffc6354c194 is an unknown value
RDX=0x0000000000000000 is an unknown value
RSP=0x0000001336efb930 is pointing into the stack for thread: 0x000001b6fac7f000
RBP=0x0000001336efbab0 is pointing into the stack for thread: 0x000001b6fac7f000
RSI=0x000001b6fac7f1f8 is an unknown value
RDI=0x0000000000000818 is an unknown value
R8 =0x0000001336efb828 is pointing into the stack for thread: 0x000001b6fac7f000
R9 =0x0000001336efb920 is pointing into the stack for thread: 0x000001b6fac7f000
R10=0x0000000000000000 is an unknown value
R11=0x0000000000000246 is an unknown value
R12=0x0000001336efbb60 is pointing into the stack for thread: 0x000001b6fac7f000
R13=0x000001b6814fca00 is an unknown value
R14=0x0000001336efba60 is pointing into the stack for thread: 0x000001b6fac7f000
R15=0x000001b6fac7f000 is a thread


Stack: [0x0000001336e00000,0x0000001336f00000],  sp=0x0000001336efb930,  free space=1006k
Native frames: (J=compiled Java code, j=interpreted, Vv=VM code, C=native code)
C  0x000000006ec4b5bb
C  0x000000006ec52570
C  0x000000006ec41575
C  0x000001b6e4f09f4e

Java frames: (J=compiled Java code, j=interpreted, Vv=VM code)
j  jssc.SerialNativeInterface.openPort(Ljava/lang/String;Z)J+0
j  jssc.SerialPort.openPort()Z+65
j  ModbusRTU.ModbusClient.Connect()V+146
j  ModbusTester.tasks.Task.init(Ljava/lang/String;)Z+39
j  ModbusTester.tasks.Task.init()Z+61
j  ModbusTester.FXMLDocController.handleReadWriteRegsTestButtonAction(Ljavafx/event/ActionEvent;)V+11
v  ~StubRoutines::call_stub
j  sun.reflect.NativeMethodAccessorImpl.invoke0(Ljava/lang/reflect/Method;Ljava/lang/Object;[Ljava/lang/Object;)Ljava/lang/Object;+0
j  sun.reflect.NativeMethodAccessorImpl.invoke(Ljava/lang/Object;[Ljava/lang/Object;)Ljava/lang/Object;+100
J 1004 C1 sun.reflect.DelegatingMethodAccessorImpl.invoke(Ljava/lang/Object;[Ljava/lang/Object;)Ljava/lang/Object; (10 bytes) @ 0x000001b6e528b184 [0x000001b6e528b080+0x104]
J 1003 C1 java.lang.reflect.Method.invoke(Ljava/lang/Object;[Ljava/lang/Object;)Ljava/lang/Object; (62 bytes) @ 0x000001b6e528b92c [0x000001b6e528b540+0x3ec]
j  sun.reflect.misc.Trampoline.invoke(Ljava/lang/reflect/Method;Ljava/lang/Object;[Ljava/lang/Object;)Ljava/lang/Object;+7
j  sun.reflect.GeneratedMethodAccessor1.invoke(Ljava/lang/Object;[Ljava/lang/Object;)Ljava/lang/Object;+40
J 1004 C1 sun.reflect.DelegatingMethodAccessorImpl.invoke(Ljava/lang/Object;[Ljava/lang/Object;)Ljava/lang/Object; (10 bytes) @ 0x000001b6e528b184 [0x000001b6e528b080+0x104]
J 1003 C1 java.lang.reflect.Method.invoke(Ljava/lang/Object;[Ljava/lang/Object;)Ljava/lang/Object; (62 bytes) @ 0x000001b6e528b92c [0x000001b6e528b540+0x3ec]
j  sun.reflect.misc.MethodUtil.invoke(Ljava/lang/reflect/Method;Ljava/lang/Object;[Ljava/lang/Object;)Ljava/lang/Object;+20
j  javafx.fxml.FXMLLoader$MethodHandler.invoke([Ljava/lang/Object;)V+19
j  javafx.fxml.FXMLLoader$ControllerMethodEventHandler.handle(Ljavafx/event/Event;)V+12
J 2375 C1 com.sun.javafx.event.CompositeEventHandler.dispatchBubblingEvent(Ljavafx/event/Event;)V (57 bytes) @ 0x000001b6e560ac54 [0x000001b6e560a880+0x3d4]
J 1739 C1 com.sun.javafx.event.EventHandlerManager.dispatchBubblingEvent(Ljavafx/event/Event;)Ljavafx/event/Event; (23 bytes) @ 0x000001b6e54446cc [0x000001b6e5444020+0x6ac]
J 1738 C1 com.sun.javafx.event.CompositeEventDispatcher.dispatchBubblingEvent(Ljavafx/event/Event;)Ljavafx/event/Event; (35 bytes) @ 0x000001b6e544509c [0x000001b6e5444ee0+0x1bc]
J 1580 C1 com.sun.javafx.event.BasicEventDispatcher.dispatchEvent(Ljavafx/event/Event;Ljavafx/event/EventDispatchChain;)Ljavafx/event/Event; (44 bytes) @ 0x000001b6e53f98fc [0x000001b6e53f95c0+0x33c]
J 1518 C1 com.sun.javafx.event.EventDispatchChainImpl.dispatchEvent(Ljavafx/event/Event;)Ljavafx/event/Event; (101 bytes) @ 0x000001b6e53d5cb4 [0x000001b6e53d5b00+0x1b4]
J 1580 C1 com.sun.javafx.event.BasicEventDispatcher.dispatchEvent(Ljavafx/event/Event;Ljavafx/event/EventDispatchChain;)Ljavafx/event/Event; (44 bytes) @ 0x000001b6e53f9814 [0x000001b6e53f95c0+0x254]
J 1518 C1 com.sun.javafx.event.EventDispatchChainImpl.dispatchEvent(Ljavafx/event/Event;)Ljavafx/event/Event; (101 bytes) @ 0x000001b6e53d5cb4 [0x000001b6e53d5b00+0x1b4]
J 1580 C1 com.sun.javafx.event.BasicEventDispatcher.dispatchEvent(Ljavafx/event/Event;Ljavafx/event/EventDispatchChain;)Ljavafx/event/Event; (44 bytes) @ 0x000001b6e53f9814 [0x000001b6e53f95c0+0x254]
J 1518 C1 com.sun.javafx.event.EventDispatchChainImpl.dispatchEvent(Ljavafx/event/Event;)Ljavafx/event/Event; (101 bytes) @ 0x000001b6e53d5cb4 [0x000001b6e53d5b00+0x1b4]
J 2364 C1 com.sun.javafx.event.EventUtil.fireEventImpl(Ljavafx/event/EventDispatchChain;Ljavafx/event/EventTarget;Ljavafx/event/Event;)Ljavafx/event/Event; (16 bytes) @ 0x000001b6e560031c [0x000001b6e56001c0+0x15c]
j  com.sun.javafx.event.EventUtil.fireEvent(Ljavafx/event/EventTarget;Ljavafx/event/Event;)Ljavafx/event/Event;+37
J 1781 C1 javafx.event.Event.fireEvent(Ljavafx/event/EventTarget;Ljavafx/event/Event;)V (35 bytes) @ 0x000001b6e545ea6c [0x000001b6e545e9a0+0xcc]
j  javafx.scene.Node.fireEvent(Ljavafx/event/Event;)V+86
j  javafx.scene.control.Button.fire()V+15
j  com.sun.javafx.scene.control.behavior.ButtonBehavior.mouseReleased(Ljavafx/scene/input/MouseEvent;)V+23
j  com.sun.javafx.scene.control.skin.BehaviorSkinBase$1.handle(Ljavafx/scene/input/MouseEvent;)V+83
j  com.sun.javafx.scene.control.skin.BehaviorSkinBase$1.handle(Ljavafx/event/Event;)V+5
J 2394 C1 com.sun.javafx.event.CompositeEventHandler$NormalEventHandlerRecord.handleBubblingEvent(Ljavafx/event/Event;)V (11 bytes) @ 0x000001b6e56196c4 [0x000001b6e56195c0+0x104]
J 2375 C1 com.sun.javafx.event.CompositeEventHandler.dispatchBubblingEvent(Ljavafx/event/Event;)V (57 bytes) @ 0x000001b6e560aac4 [0x000001b6e560a880+0x244]
J 1739 C1 com.sun.javafx.event.EventHandlerManager.dispatchBubblingEvent(Ljavafx/event/Event;)Ljavafx/event/Event; (23 bytes) @ 0x000001b6e54446cc [0x000001b6e5444020+0x6ac]
J 1738 C1 com.sun.javafx.event.CompositeEventDispatcher.dispatchBubblingEvent(Ljavafx/event/Event;)Ljavafx/event/Event; (35 bytes) @ 0x000001b6e544509c [0x000001b6e5444ee0+0x1bc]
J 1580 C1 com.sun.javafx.event.BasicEventDispatcher.dispatchEvent(Ljavafx/event/Event;Ljavafx/event/EventDispatchChain;)Ljavafx/event/Event; (44 bytes) @ 0x000001b6e53f98fc [0x000001b6e53f95c0+0x33c]
J 1518 C1 com.sun.javafx.event.EventDispatchChainImpl.dispatchEvent(Ljavafx/event/Event;)Ljavafx/event/Event; (101 bytes) @ 0x000001b6e53d5cb4 [0x000001b6e53d5b00+0x1b4]
J 1580 C1 com.sun.javafx.event.BasicEventDispatcher.dispatchEvent(Ljavafx/event/Event;Ljavafx/event/EventDispatchChain;)Ljavafx/event/Event; (44 bytes) @ 0x000001b6e53f9814 [0x000001b6e53f95c0+0x254]
J 1518 C1 com.sun.javafx.event.EventDispatchChainImpl.dispatchEvent(Ljavafx/event/Event;)Ljavafx/event/Event; (101 bytes) @ 0x000001b6e53d5cb4 [0x000001b6e53d5b00+0x1b4]
J 1580 C1 com.sun.javafx.event.BasicEventDispatcher.dispatchEvent(Ljavafx/event/Event;Ljavafx/event/EventDispatchChain;)Ljavafx/event/Event; (44 bytes) @ 0x000001b6e53f9814 [0x000001b6e53f95c0+0x254]
J 1518 C1 com.sun.javafx.event.EventDispatchChainImpl.dispatchEvent(Ljavafx/event/Event;)Ljavafx/event/Event; (101 bytes) @ 0x000001b6e53d5cb4 [0x000001b6e53d5b00+0x1b4]
J 2363 C1 com.sun.javafx.event.EventUtil.fireEvent(Ljavafx/event/EventTarget;Ljavafx/event/Event;)Ljavafx/event/Event; (81 bytes) @ 0x000001b6e5606544 [0x000001b6e5605e00+0x744]
J 1803 C1 javafx.scene.Scene$MouseHandler.process(Ljavafx/scene/input/MouseEvent;Z)V (735 bytes) @ 0x000001b6e5472ad4 [0x000001b6e5470020+0x2ab4]
J 1802 C1 javafx.scene.Scene$MouseHandler.access$1500(Ljavafx/scene/Scene$MouseHandler;Ljavafx/scene/input/MouseEvent;Z)V (7 bytes) @ 0x000001b6e546d9dc [0x000001b6e546d980+0x5c]
j  javafx.scene.Scene.impl_processMouseEvent(Ljavafx/scene/input/MouseEvent;)V+6
j  javafx.scene.Scene$ScenePeerListener.mouseEvent(Ljavafx/event/EventType;DDDDLjavafx/scene/input/MouseButton;ZZZZZZZZZ)V+46
j  com.sun.javafx.tk.quantum.GlassViewEventHandler$MouseEventNotification.run()Ljava/lang/Void;+610
j  com.sun.javafx.tk.quantum.GlassViewEventHandler$MouseEventNotification.run()Ljava/lang/Object;+1
v  ~StubRoutines::call_stub
J 1746  java.security.AccessController.doPrivileged(Ljava/security/PrivilegedAction;Ljava/security/AccessControlContext;)Ljava/lang/Object; (0 bytes) @ 0x000001b6e5447a26 [0x000001b6e54479c0+0x66]
j  com.sun.javafx.tk.quantum.GlassViewEventHandler.lambda$handleMouseEvent$2()Ljava/lang/Void;+11
j  com.sun.javafx.tk.quantum.GlassViewEventHandler$$Lambda$265.get()Ljava/lang/Object;+4
J 1787 C1 com.sun.javafx.tk.quantum.QuantumToolkit.runWithoutRenderLock(Ljava/util/function/Supplier;)Ljava/lang/Object; (49 bytes) @ 0x000001b6e546369c [0x000001b6e5463160+0x53c]
j  com.sun.javafx.tk.quantum.GlassViewEventHandler.handleMouseEvent(Lcom/sun/glass/ui/View;JIIIIIIIZZ)V+103
J 1806 C1 com.sun.glass.ui.View.notifyMouse(IIIIIIIZZ)V (221 bytes) @ 0x000001b6e5477d34 [0x000001b6e5476c60+0x10d4]
v  ~StubRoutines::call_stub
j  com.sun.glass.ui.win.WinApplication._runLoop(Ljava/lang/Runnable;)V+0
j  com.sun.glass.ui.win.WinApplication.lambda$null$4(ILjava/lang/Runnable;)V+8
j  com.sun.glass.ui.win.WinApplication$$Lambda$38.run()V+12
j  java.lang.Thread.run()V+11
v  ~StubRoutines::call_stub

---------------  P R O C E S S  ---------------

Java Threads: ( => current thread )
  0x000001b6fd1b4800 JavaThread "Prism Font Disposer" daemon [_thread_blocked, id=7368, stack(0x0000001337800000,0x0000001337900000)]
  0x000001b6fd14b800 JavaThread "Thread-4" daemon [_thread_blocked, id=1340, stack(0x0000001337400000,0x0000001337500000)]
  0x000001b6fcd45800 JavaThread "Thread-3" daemon [_thread_in_native, id=6280, stack(0x0000001337200000,0x0000001337300000)]
  0x000001b6fcd50000 JavaThread "JavaFX-Launcher" [_thread_blocked, id=3704, stack(0x0000001337300000,0x0000001337400000)]
=>0x000001b6fac7f000 JavaThread "JavaFX Application Thread" [_thread_in_native, id=3184, stack(0x0000001336e00000,0x0000001336f00000)]
  0x000001b6fac79800 JavaThread "Thread-1" daemon [_thread_blocked, id=4152, stack(0x0000001336d00000,0x0000001336e00000)]
  0x000001b6fac0b000 JavaThread "QuantumRenderer-0" daemon [_thread_blocked, id=7948, stack(0x0000001336c00000,0x0000001336d00000)]
  0x000001b6f9d99800 JavaThread "Service Thread" daemon [_thread_blocked, id=5496, stack(0x0000001336a00000,0x0000001336b00000)]
  0x000001b6f9d1e000 JavaThread "C1 CompilerThread2" daemon [_thread_blocked, id=10552, stack(0x0000001336900000,0x0000001336a00000)]
  0x000001b6f9d0a800 JavaThread "C2 CompilerThread1" daemon [_thread_blocked, id=9924, stack(0x0000001336800000,0x0000001336900000)]
  0x000001b6f9d02000 JavaThread "C2 CompilerThread0" daemon [_thread_blocked, id=444, stack(0x0000001336700000,0x0000001336800000)]
  0x000001b6f9cff000 JavaThread "Attach Listener" daemon [_thread_blocked, id=1560, stack(0x0000001336600000,0x0000001336700000)]
  0x000001b6f9d06000 JavaThread "Signal Dispatcher" daemon [_thread_blocked, id=2356, stack(0x0000001336500000,0x0000001336600000)]
  0x000001b6f95b7800 JavaThread "Finalizer" daemon [_thread_blocked, id=11632, stack(0x0000001336400000,0x0000001336500000)]
  0x000001b6f9ce6000 JavaThread "Reference Handler" daemon [_thread_blocked, id=4964, stack(0x0000001336300000,0x0000001336400000)]
  0x000001b6e34ad000 JavaThread "main" [_thread_blocked, id=7672, stack(0x0000001335d00000,0x0000001335e00000)]

Other Threads:
  0x000001b6f9cc2800 VMThread [stack: 0x0000001336200000,0x0000001336300000] [id=380]
  0x000001b6f9d30800 WatcherThread [stack: 0x0000001336b00000,0x0000001336c00000] [id=11956]

VM state:not at safepoint (normal execution)

VM Mutex/Monitor currently owned by a thread: None

heap address: 0x0000000081400000, size: 2028 MB, Compressed Oops mode: 32-bit
Narrow klass base: 0x0000000000000000, Narrow klass shift: 3
Compressed class space size: 1073741824 Address: 0x0000000100000000

Heap:
 PSYoungGen      total 38400K, used 21512K [0x00000000d5c00000, 0x00000000d8680000, 0x0000000100000000)
  eden space 33280K, 50% used [0x00000000d5c00000,0x00000000d6c8d220,0x00000000d7c80000)
  from space 5120K, 89% used [0x00000000d7c80000,0x00000000d80f4e98,0x00000000d8180000)
  to   space 5120K, 0% used [0x00000000d8180000,0x00000000d8180000,0x00000000d8680000)
 ParOldGen       total 87552K, used 80K [0x0000000081400000, 0x0000000086980000, 0x00000000d5c00000)
  object space 87552K, 0% used [0x0000000081400000,0x0000000081414010,0x0000000086980000)
 Metaspace       used 19656K, capacity 20760K, committed 20992K, reserved 1067008K
  class space    used 2814K, capacity 3061K, committed 3072K, reserved 1048576K

Card table byte_map: [0x000001b6f42b0000,0x000001b6f46b0000] byte_map_base: 0x000001b6f3ea6000

Marking Bits: (ParMarkBitMap*) 0x00000000557a6ff0
 Begin Bits: [0x000001b6f4960000, 0x000001b6f6910000)
 End Bits:   [0x000001b6f6910000, 0x000001b6f88c0000)

Polling page: 0x000001b6e36a0000

CodeCache: size=245760Kb used=7548Kb max_used=7548Kb free=238211Kb
 bounds [0x000001b6e4ef0000, 0x000001b6e5660000, 0x000001b6f3ef0000]
 total_blobs=3142 nmethods=2471 adapters=583
 compilation: enabled

Compilation events (10 events):
Event: 10.471 Thread 0x000001b6f9d1e000 2465       3       javafx.scene.paint.Stop::equals (76 bytes)
Event: 10.472 Thread 0x000001b6f9d1e000 nmethod 2465 0x000001b6e564f4d0 code [0x000001b6e564f660, 0x000001b6e564fc90]
Event: 10.472 Thread 0x000001b6f9d1e000 2468       1       com.sun.prism.d3d.D3DContext::getContextHandle (5 bytes)
Event: 10.472 Thread 0x000001b6f9d1e000 nmethod 2468 0x000001b6e564fd90 code [0x000001b6e564fee0, 0x000001b6e564fff8]
Event: 10.472 Thread 0x000001b6f9d1e000 2469       3       com.sun.prism.d3d.D3DShader::checkTmpFloatBuf (21 bytes)
Event: 10.472 Thread 0x000001b6f9d1e000 nmethod 2469 0x000001b6e5650050 code [0x000001b6e5650200, 0x000001b6e56506d0]
Event: 10.473 Thread 0x000001b6f9d1e000 2470       3       java.util.WeakHashMap$HashIterator::<init> (41 bytes)
Event: 10.473 Thread 0x000001b6f9d1e000 nmethod 2470 0x000001b6e5650910 code [0x000001b6e5650aa0, 0x000001b6e5650f90]
Event: 10.497 Thread 0x000001b6f9d1e000 2471       3       java.lang.String::<init> (15 bytes)
Event: 10.497 Thread 0x000001b6f9d1e000 nmethod 2471 0x000001b6e5651110 code [0x000001b6e56512a0, 0x000001b6e5651690]

GC Heap History (2 events):
Event: 1.123 GC heap before
{Heap before GC invocations=1 (full 0):
 PSYoungGen      total 38400K, used 33280K [0x00000000d5c00000, 0x00000000d8680000, 0x0000000100000000)
  eden space 33280K, 100% used [0x00000000d5c00000,0x00000000d7c80000,0x00000000d7c80000)
  from space 5120K, 0% used [0x00000000d8180000,0x00000000d8180000,0x00000000d8680000)
  to   space 5120K, 0% used [0x00000000d7c80000,0x00000000d7c80000,0x00000000d8180000)
 ParOldGen       total 87552K, used 0K [0x0000000081400000, 0x0000000086980000, 0x00000000d5c00000)
  object space 87552K, 0% used [0x0000000081400000,0x0000000081400000,0x0000000086980000)
 Metaspace       used 16162K, capacity 16888K, committed 17152K, reserved 1064960K
  class space    used 2335K, capacity 2533K, committed 2560K, reserved 1048576K
Event: 1.130 GC heap after
Heap after GC invocations=1 (full 0):
 PSYoungGen      total 38400K, used 4563K [0x00000000d5c00000, 0x00000000d8680000, 0x0000000100000000)
  eden space 33280K, 0% used [0x00000000d5c00000,0x00000000d5c00000,0x00000000d7c80000)
  from space 5120K, 89% used [0x00000000d7c80000,0x00000000d80f4e98,0x00000000d8180000)
  to   space 5120K, 0% used [0x00000000d8180000,0x00000000d8180000,0x00000000d8680000)
 ParOldGen       total 87552K, used 80K [0x0000000081400000, 0x0000000086980000, 0x00000000d5c00000)
  object space 87552K, 0% used [0x0000000081400000,0x0000000081414010,0x0000000086980000)
 Metaspace       used 16162K, capacity 16888K, committed 17152K, reserved 1064960K
  class space    used 2335K, capacity 2533K, committed 2560K, reserved 1048576K
}

Deoptimization events (10 events):
Event: 0.988 Thread 0x000001b6fac7f000 Uncommon trap: reason=unstable_if action=reinterpret pc=0x000001b6e5245fe0 method=java.lang.String.regionMatches(ZILjava/lang/String;II)Z @ 123
Event: 1.064 Thread 0x000001b6fac7f000 Uncommon trap: reason=unstable_if action=reinterpret pc=0x000001b6e5226fa0 method=java.util.HashMap.hash(Ljava/lang/Object;)I @ 1
Event: 1.064 Thread 0x000001b6fac7f000 Uncommon trap: reason=unstable_if action=reinterpret pc=0x000001b6e52d0ff0 method=java.util.HashMap.hash(Ljava/lang/Object;)I @ 1
Event: 2.701 Thread 0x000001b6fac7f000 Uncommon trap: reason=unstable_if action=reinterpret pc=0x000001b6e52e8564 method=jdk.internal.org.objectweb.asm.Type.getArgumentsAndReturnSizes(Ljava/lang/String;)I @ 47
Event: 9.180 Thread 0x000001b6fac7f000 Uncommon trap: reason=unstable_if action=reinterpret pc=0x000001b6e50c8d00 method=java.lang.CharacterData.of(I)Ljava/lang/CharacterData; @ 4
Event: 9.253 Thread 0x000001b6fac7f000 Uncommon trap: reason=unstable_if action=reinterpret pc=0x000001b6e54dcb10 method=com.sun.javafx.css.BitSet.add(Ljava/lang/Object;)Z @ 91
Event: 9.312 Thread 0x000001b6fac7f000 Uncommon trap: reason=array_check action=maybe_recompile pc=0x000001b6e55547c4 method=com.sun.javafx.css.SimpleSelector.applies(Ljavafx/css/Styleable;[Ljava/util/Set;I)Z @ 37
Event: 9.312 Thread 0x000001b6fac7f000 Uncommon trap: reason=array_check action=maybe_recompile pc=0x000001b6e55547c4 method=com.sun.javafx.css.SimpleSelector.applies(Ljavafx/css/Styleable;[Ljava/util/Set;I)Z @ 37
Event: 9.312 Thread 0x000001b6fac7f000 Uncommon trap: reason=array_check action=maybe_recompile pc=0x000001b6e55547c4 method=com.sun.javafx.css.SimpleSelector.applies(Ljavafx/css/Styleable;[Ljava/util/Set;I)Z @ 37
Event: 9.312 Thread 0x000001b6fac7f000 Uncommon trap: reason=array_check action=maybe_recompile pc=0x000001b6e55547c4 method=com.sun.javafx.css.SimpleSelector.applies(Ljavafx/css/Styleable;[Ljava/util/Set;I)Z @ 37

Classes redefined (0 events):
No events

Internal exceptions (10 events):
Event: 0.547 Thread 0x000001b6fac7f000 Exception <a 'java/lang/NullPointerException'> (0x00000000d6af0888) thrown at [C:\jenkins\workspace\8-2-build-windows-amd64-cygwin\jdk8u281\880\hotspot\src\share\vm\interpreter\linkResolver.cpp, line 1185]
Event: 0.547 Thread 0x000001b6fac7f000 Exception <a 'java/lang/NullPointerException'> (0x00000000d6af0888) thrown at [C:\jenkins\workspace\8-2-build-windows-amd64-cygwin\jdk8u281\880\hotspot\src\share\vm\prims\jvm.cpp, line 1516]
Event: 0.683 Thread 0x000001b6fac7f000 Exception <a 'java/lang/ArrayIndexOutOfBoundsException'> (0x00000000d70476d8) thrown at [C:\jenkins\workspace\8-2-build-windows-amd64-cygwin\jdk8u281\880\hotspot\src\share\vm\runtime\sharedRuntime.cpp, line 609]
Event: 0.684 Thread 0x000001b6fac7f000 Exception <a 'java/lang/ArrayIndexOutOfBoundsException'> (0x00000000d70483d8) thrown at [C:\jenkins\workspace\8-2-build-windows-amd64-cygwin\jdk8u281\880\hotspot\src\share\vm\runtime\sharedRuntime.cpp, line 609]
Event: 0.684 Thread 0x000001b6fac7f000 Exception <a 'java/lang/ArrayIndexOutOfBoundsException'> (0x00000000d7049780) thrown at [C:\jenkins\workspace\8-2-build-windows-amd64-cygwin\jdk8u281\880\hotspot\src\share\vm\runtime\sharedRuntime.cpp, line 609]
Event: 0.758 Thread 0x000001b6fac7f000 Exception <a 'java/lang/ArrayIndexOutOfBoundsException'> (0x00000000d72ce628) thrown at [C:\jenkins\workspace\8-2-build-windows-amd64-cygwin\jdk8u281\880\hotspot\src\share\vm\runtime\sharedRuntime.cpp, line 609]
Event: 0.759 Thread 0x000001b6fac7f000 Exception <a 'java/lang/ArrayIndexOutOfBoundsException'> (0x00000000d72d3bd8) thrown at [C:\jenkins\workspace\8-2-build-windows-amd64-cygwin\jdk8u281\880\hotspot\src\share\vm\runtime\sharedRuntime.cpp, line 609]
Event: 0.794 Thread 0x000001b6fac7f000 Exception <a 'java/io/FileNotFoundException'> (0x00000000d740e3d0) thrown at [C:\jenkins\workspace\8-2-build-windows-amd64-cygwin\jdk8u281\880\hotspot\src\share\vm\prims\jni.cpp, line 710]
Event: 1.064 Thread 0x000001b6fac7f000 Implicit null exception at 0x000001b6e5226d75 to 0x000001b6e5226f91
Event: 1.064 Thread 0x000001b6fac7f000 Implicit null exception at 0x000001b6e52d0f58 to 0x000001b6e52d0fe6

Events (10 events):
Event: 10.501 loading class de/re/easymodbus/datatypes/StopBits
Event: 10.501 loading class de/re/easymodbus/datatypes/StopBits done
Event: 10.502 loading class jssc/SerialPort
Event: 10.502 loading class jssc/SerialPort done
Event: 10.503 loading class jssc/SerialPort$EventThread
Event: 10.503 loading class jssc/SerialPort$EventThread done
Event: 10.503 loading class jssc/SerialPort$LinuxEventThread
Event: 10.503 loading class jssc/SerialPort$LinuxEventThread done
Event: 10.504 loading class jssc/SerialNativeInterface
Event: 10.504 loading class jssc/SerialNativeInterface done


Dynamic libraries:
0x00007ff612140000 - 0x00007ff612187000 	C:\Program Files\Java\jdk1.8.0_281\bin\java.exe
0x00007ffc634b0000 - 0x00007ffc636a6000 	C:\Windows\SYSTEM32\ntdll.dll
0x00007ffc619d0000 - 0x00007ffc61a8d000 	C:\Windows\System32\KERNEL32.DLL
0x00007ffc60ed0000 - 0x00007ffc61199000 	C:\Windows\System32\KERNELBASE.dll
0x00007ffc63210000 - 0x00007ffc632bc000 	C:\Windows\System32\ADVAPI32.dll
0x00007ffc61750000 - 0x00007ffc617ee000 	C:\Windows\System32\msvcrt.dll
0x00007ffc62010000 - 0x00007ffc620ac000 	C:\Windows\System32\sechost.dll
0x00007ffc629a0000 - 0x00007ffc62acb000 	C:\Windows\System32\RPCRT4.dll
0x00007ffc62bd0000 - 0x00007ffc62d70000 	C:\Windows\System32\USER32.dll
0x00007ffc61340000 - 0x00007ffc61362000 	C:\Windows\System32\win32u.dll
0x00007ffc62b90000 - 0x00007ffc62bba000 	C:\Windows\System32\GDI32.dll
0x00007ffc61370000 - 0x00007ffc6147b000 	C:\Windows\System32\gdi32full.dll
0x00007ffc61250000 - 0x00007ffc612ed000 	C:\Windows\System32\msvcp_win.dll
0x00007ffc60bf0000 - 0x00007ffc60cf0000 	C:\Windows\System32\ucrtbase.dll
0x00007ffc51e00000 - 0x00007ffc5209b000 	C:\Windows\WinSxS\amd64_microsoft.windows.common-controls_6595b64144ccf1df_6.0.19041.746_none_ca02b4b61b8320a4\COMCTL32.dll
0x00007ffc62d70000 - 0x00007ffc62da0000 	C:\Windows\System32\IMM32.DLL
0x00007ffc5b550000 - 0x00007ffc5b565000 	C:\Program Files\Java\jdk1.8.0_281\jre\bin\vcruntime140.dll
0x00007ffc50840000 - 0x00007ffc508db000 	C:\Program Files\Java\jdk1.8.0_281\jre\bin\msvcp140.dll
0x0000000054fc0000 - 0x000000005581f000 	C:\Program Files\Java\jdk1.8.0_281\jre\bin\server\jvm.dll
0x00007ffc62bc0000 - 0x00007ffc62bc8000 	C:\Windows\System32\PSAPI.DLL
0x00007ffc511c0000 - 0x00007ffc511e7000 	C:\Windows\SYSTEM32\WINMM.dll
0x00007ffc59f20000 - 0x00007ffc59f2a000 	C:\Windows\SYSTEM32\VERSION.dll
0x00007ffc4d1f0000 - 0x00007ffc4d1f9000 	C:\Windows\SYSTEM32\WSOCK32.dll
0x00007ffc62920000 - 0x00007ffc6298b000 	C:\Windows\System32\WS2_32.dll
0x00007ffc5eb50000 - 0x00007ffc5eb62000 	C:\Windows\SYSTEM32\kernel.appcore.dll
0x00007ffc5be40000 - 0x00007ffc5be50000 	C:\Program Files\Java\jdk1.8.0_281\jre\bin\verify.dll
0x00007ffc5b370000 - 0x00007ffc5b39b000 	C:\Program Files\Java\jdk1.8.0_281\jre\bin\java.dll
0x00007ffc5af90000 - 0x00007ffc5afa8000 	C:\Program Files\Java\jdk1.8.0_281\jre\bin\zip.dll
0x00007ffc620b0000 - 0x00007ffc627f3000 	C:\Windows\System32\SHELL32.dll
0x00007ffc5ed50000 - 0x00007ffc5f4df000 	C:\Windows\SYSTEM32\windows.storage.dll
0x00007ffc61b00000 - 0x00007ffc61e56000 	C:\Windows\System32\combase.dll
0x00007ffc60580000 - 0x00007ffc605ac000 	C:\Windows\SYSTEM32\Wldp.dll
0x00007ffc632e0000 - 0x00007ffc6338e000 	C:\Windows\System32\SHCORE.dll
0x00007ffc618c0000 - 0x00007ffc61915000 	C:\Windows\System32\shlwapi.dll
0x00007ffc60b20000 - 0x00007ffc60b46000 	C:\Windows\SYSTEM32\profapi.dll
0x000001b6e3710000 - 0x000001b6e3713000 	C:\Program Files\Java\jdk1.8.0_281\jre\bin\api-ms-win-core-console-l1-1-0.dll
0x000001b6e3720000 - 0x000001b6e3723000 	C:\Program Files\Java\jdk1.8.0_281\jre\bin\api-ms-win-core-console-l1-2-0.dll
0x000001b6e3730000 - 0x000001b6e3733000 	C:\Program Files\Java\jdk1.8.0_281\jre\bin\api-ms-win-core-datetime-l1-1-0.dll
0x000001b6facd0000 - 0x000001b6facd3000 	C:\Program Files\Java\jdk1.8.0_281\jre\bin\api-ms-win-core-debug-l1-1-0.dll
0x000001b6face0000 - 0x000001b6face3000 	C:\Program Files\Java\jdk1.8.0_281\jre\bin\api-ms-win-core-errorhandling-l1-1-0.dll
0x000001b6facf0000 - 0x000001b6facf4000 	C:\Program Files\Java\jdk1.8.0_281\jre\bin\api-ms-win-core-file-l1-1-0.dll
0x000001b6fad00000 - 0x000001b6fad03000 	C:\Program Files\Java\jdk1.8.0_281\jre\bin\api-ms-win-core-file-l1-2-0.dll
0x000001b6fad10000 - 0x000001b6fad13000 	C:\Program Files\Java\jdk1.8.0_281\jre\bin\api-ms-win-core-file-l2-1-0.dll
0x000001b6fad20000 - 0x000001b6fad23000 	C:\Program Files\Java\jdk1.8.0_281\jre\bin\api-ms-win-core-handle-l1-1-0.dll
0x000001b6fad30000 - 0x000001b6fad33000 	C:\Program Files\Java\jdk1.8.0_281\jre\bin\api-ms-win-core-heap-l1-1-0.dll
0x000001b6fad40000 - 0x000001b6fad43000 	C:\Program Files\Java\jdk1.8.0_281\jre\bin\api-ms-win-core-interlocked-l1-1-0.dll
0x000001b6fad50000 - 0x000001b6fad53000 	C:\Program Files\Java\jdk1.8.0_281\jre\bin\api-ms-win-core-libraryloader-l1-1-0.dll
0x000001b6fad60000 - 0x000001b6fad63000 	C:\Program Files\Java\jdk1.8.0_281\jre\bin\api-ms-win-core-localization-l1-2-0.dll
0x000001b6fad70000 - 0x000001b6fad73000 	C:\Program Files\Java\jdk1.8.0_281\jre\bin\api-ms-win-core-memory-l1-1-0.dll
0x000001b6fad80000 - 0x000001b6fad83000 	C:\Program Files\Java\jdk1.8.0_281\jre\bin\api-ms-win-core-namedpipe-l1-1-0.dll
0x000001b6fad90000 - 0x000001b6fad93000 	C:\Program Files\Java\jdk1.8.0_281\jre\bin\api-ms-win-core-processenvironment-l1-1-0.dll
0x000001b6fada0000 - 0x000001b6fada3000 	C:\Program Files\Java\jdk1.8.0_281\jre\bin\api-ms-win-core-processthreads-l1-1-0.dll
0x000001b6fadb0000 - 0x000001b6fadb3000 	C:\Program Files\Java\jdk1.8.0_281\jre\bin\api-ms-win-core-processthreads-l1-1-1.dll
0x000001b6fadc0000 - 0x000001b6fadc3000 	C:\Program Files\Java\jdk1.8.0_281\jre\bin\api-ms-win-core-profile-l1-1-0.dll
0x000001b6fadd0000 - 0x000001b6fadd3000 	C:\Program Files\Java\jdk1.8.0_281\jre\bin\api-ms-win-core-rtlsupport-l1-1-0.dll
0x000001b6fade0000 - 0x000001b6fade3000 	C:\Program Files\Java\jdk1.8.0_281\jre\bin\api-ms-win-core-string-l1-1-0.dll
0x000001b6fadf0000 - 0x000001b6fadf3000 	C:\Program Files\Java\jdk1.8.0_281\jre\bin\api-ms-win-core-synch-l1-1-0.dll
0x000001b6fae00000 - 0x000001b6fae03000 	C:\Program Files\Java\jdk1.8.0_281\jre\bin\api-ms-win-core-synch-l1-2-0.dll
0x000001b6fae10000 - 0x000001b6fae13000 	C:\Program Files\Java\jdk1.8.0_281\jre\bin\api-ms-win-core-sysinfo-l1-1-0.dll
0x000001b6fae20000 - 0x000001b6fae23000 	C:\Program Files\Java\jdk1.8.0_281\jre\bin\api-ms-win-core-timezone-l1-1-0.dll
0x000001b6fae30000 - 0x000001b6fae33000 	C:\Program Files\Java\jdk1.8.0_281\jre\bin\api-ms-win-core-util-l1-1-0.dll
0x000001b6fae40000 - 0x000001b6fae43000 	C:\Program Files\Java\jdk1.8.0_281\jre\bin\api-ms-win-crt-conio-l1-1-0.dll
0x000001b6fae50000 - 0x000001b6fae54000 	C:\Program Files\Java\jdk1.8.0_281\jre\bin\api-ms-win-crt-convert-l1-1-0.dll
0x000001b6fae60000 - 0x000001b6fae63000 	C:\Program Files\Java\jdk1.8.0_281\jre\bin\api-ms-win-crt-environment-l1-1-0.dll
0x000001b6fae70000 - 0x000001b6fae73000 	C:\Program Files\Java\jdk1.8.0_281\jre\bin\api-ms-win-crt-filesystem-l1-1-0.dll
0x000001b6fae80000 - 0x000001b6fae83000 	C:\Program Files\Java\jdk1.8.0_281\jre\bin\api-ms-win-crt-heap-l1-1-0.dll
0x000001b6fae90000 - 0x000001b6fae93000 	C:\Program Files\Java\jdk1.8.0_281\jre\bin\api-ms-win-crt-locale-l1-1-0.dll
0x000001b6faea0000 - 0x000001b6faea5000 	C:\Program Files\Java\jdk1.8.0_281\jre\bin\api-ms-win-crt-math-l1-1-0.dll
0x000001b6faeb0000 - 0x000001b6faeb5000 	C:\Program Files\Java\jdk1.8.0_281\jre\bin\api-ms-win-crt-multibyte-l1-1-0.dll
0x000001b6faec0000 - 0x000001b6faed0000 	C:\Program Files\Java\jdk1.8.0_281\jre\bin\api-ms-win-crt-private-l1-1-0.dll
0x000001b6faed0000 - 0x000001b6faed3000 	C:\Program Files\Java\jdk1.8.0_281\jre\bin\api-ms-win-crt-process-l1-1-0.dll
0x000001b6faee0000 - 0x000001b6faee4000 	C:\Program Files\Java\jdk1.8.0_281\jre\bin\api-ms-win-crt-runtime-l1-1-0.dll
0x000001b6faef0000 - 0x000001b6faef4000 	C:\Program Files\Java\jdk1.8.0_281\jre\bin\api-ms-win-crt-stdio-l1-1-0.dll
0x000001b6faf00000 - 0x000001b6faf04000 	C:\Program Files\Java\jdk1.8.0_281\jre\bin\api-ms-win-crt-string-l1-1-0.dll
0x000001b6faf10000 - 0x000001b6faf13000 	C:\Program Files\Java\jdk1.8.0_281\jre\bin\api-ms-win-crt-time-l1-1-0.dll
0x000001b6faf20000 - 0x000001b6faf23000 	C:\Program Files\Java\jdk1.8.0_281\jre\bin\api-ms-win-crt-utility-l1-1-0.dll
0x00007ffc4cc60000 - 0x00007ffc4cd5a000 	C:\Program Files\Java\jdk1.8.0_281\jre\bin\ucrtbase.dll
0x00007ffc5b650000 - 0x00007ffc5b65c000 	C:\Windows\System32\vcruntime140_1.dll
0x00007ffc50610000 - 0x00007ffc50633000 	C:\Program Files\Java\jdk1.8.0_281\jre\bin\prism_d3d.dll
0x00007ffc4ca90000 - 0x00007ffc4cc5f000 	C:\Windows\system32\d3d9.dll
0x00007ffc5e860000 - 0x00007ffc5e88f000 	C:\Windows\SYSTEM32\dwmapi.dll
0x00007ffc5e690000 - 0x00007ffc5e72e000 	C:\Windows\system32\uxtheme.dll
0x00007ffc4ad20000 - 0x00007ffc4b78e000 	C:\Windows\SYSTEM32\igdumdim64.dll
0x00007ffc53080000 - 0x00007ffc534df000 	C:\Windows\SYSTEM32\igdusc64.dll
0x00007ffc4eb60000 - 0x00007ffc4eba5000 	C:\Program Files\Java\jdk1.8.0_281\jre\bin\glass.dll
0x00007ffc63390000 - 0x00007ffc6346b000 	C:\Windows\System32\COMDLG32.dll
0x00007ffc61510000 - 0x00007ffc6163a000 	C:\Windows\System32\ole32.dll
0x00007ffc617f0000 - 0x00007ffc618bd000 	C:\Windows\System32\OLEAUT32.dll
0x00007ffc62800000 - 0x00007ffc62916000 	C:\Windows\System32\MSCTF.dll
0x00007ffc60cf0000 - 0x00007ffc60d70000 	C:\Windows\System32\bcryptPrimitives.dll
0x00007ffc5a9f0000 - 0x00007ffc5aa0c000 	C:\Program Files\Java\jdk1.8.0_281\jre\bin\net.dll
0x00007ffc60300000 - 0x00007ffc6036a000 	C:\Windows\system32\mswsock.dll
0x00007ffc52bc0000 - 0x00007ffc52bd3000 	C:\Program Files\Java\jdk1.8.0_281\jre\bin\nio.dll
0x00007ffc4f090000 - 0x00007ffc4f0a4000 	C:\Program Files\Java\jdk1.8.0_281\jre\bin\javafx_font.dll
0x00007ffc52e00000 - 0x00007ffc5307f000 	C:\Windows\SYSTEM32\dwrite.dll
0x00007ffc61920000 - 0x00007ffc619c9000 	C:\Windows\System32\clbcatq.dll
0x00007ffc5e4b0000 - 0x00007ffc5e664000 	C:\Windows\SYSTEM32\WindowsCodecs.dll
0x00007ffc61480000 - 0x00007ffc614a7000 	C:\Windows\System32\bcrypt.dll
0x00007ffc3ada0000 - 0x00007ffc3adde000 	C:\Windows\system32\dataexchange.dll
0x00007ffc5d500000 - 0x00007ffc5d764000 	C:\Windows\system32\d3d11.dll
0x00007ffc590d0000 - 0x00007ffc592b7000 	C:\Windows\system32\dcomp.dll
0x00007ffc5f570000 - 0x00007ffc5f663000 	C:\Windows\system32\dxgi.dll
0x00007ffc57b30000 - 0x00007ffc57d31000 	C:\Windows\system32\twinapi.appcore.dll
0x00007ffc4eb20000 - 0x00007ffc4eb54000 	C:\Program Files\Common Files\Microsoft Shared\Ink\rtscom.dll
0x00007ffc57230000 - 0x00007ffc5732b000 	C:\Windows\SYSTEM32\textinputframework.dll
0x00007ffc599a0000 - 0x00007ffc59a92000 	C:\Windows\System32\CoreMessaging.dll
0x00007ffc592c0000 - 0x00007ffc5961e000 	C:\Windows\System32\CoreUIComponents.dll
0x00007ffc5f890000 - 0x00007ffc5f8c3000 	C:\Windows\SYSTEM32\ntmarta.dll
0x00007ffc5cc90000 - 0x00007ffc5cde4000 	C:\Windows\SYSTEM32\wintypes.dll
0x00007ffc4eb00000 - 0x00007ffc4eb12000 	C:\Program Files\Java\jdk1.8.0_281\jre\bin\prism_common.dll
0x00007ffc44900000 - 0x00007ffc44aae000 	C:\Windows\SYSTEM32\DUI70.dll
0x00007ffc2efe0000 - 0x00007ffc2f075000 	C:\Windows\SYSTEM32\DUser.dll
0x00007ffc3c6d0000 - 0x00007ffc3c779000 	C:\Program Files\Common Files\microsoft shared\ink\tiptsf.dll
0x00007ffc52b00000 - 0x00007ffc52bac000 	C:\Windows\SYSTEM32\TextShaping.dll
0x00007ffc3a6e0000 - 0x00007ffc3a704000 	C:\Windows\SYSTEM32\edputil.dll
0x00007ffc3ab20000 - 0x00007ffc3ad41000 	C:\Windows\system32\explorerframe.dll
0x00007ffc3a710000 - 0x00007ffc3a776000 	C:\Windows\System32\thumbcache.dll
0x00007ffc5c490000 - 0x00007ffc5c530000 	C:\Windows\SYSTEM32\policymanager.dll
0x00007ffc5fd30000 - 0x00007ffc5fdba000 	C:\Windows\SYSTEM32\msvcp110_win.dll
0x00007ffc4bfe0000 - 0x00007ffc4c029000 	C:\Windows\System32\Windows.UI.FileExplorer.dll
0x00007ffc4d180000 - 0x00007ffc4d1e6000 	C:\Windows\System32\OLEACC.dll
0x00007ffc5d1d0000 - 0x00007ffc5d2c7000 	C:\Windows\System32\PROPSYS.dll
0x00007ffc453a0000 - 0x00007ffc45446000 	C:\Windows\System32\StructuredQuery.dll
0x00007ffc47fd0000 - 0x00007ffc47fed000 	C:\Windows\SYSTEM32\MPR.dll
0x00007ffc33a70000 - 0x00007ffc33a7d000 	C:\Windows\SYSTEM32\atlthunk.dll
0x00007ffc33980000 - 0x00007ffc339e2000 	C:\Windows\System32\Windows.FileExplorer.Common.dll
0x00007ffc55260000 - 0x00007ffc55510000 	C:\Windows\System32\iertutil.dll
0x00007ffc612f0000 - 0x00007ffc6133e000 	C:\Windows\System32\CFGMGR32.dll

VM Arguments:
jvm_args: -Dfile.encoding=UTF-8 
java_command: ModbusTester.JavaFxMainFrame
java_class_path (initial): E:\wrk\EasyModbusTCP.Java\EasyModbus\lib\jssc.jar;E:\wrk\EasyModbusTCP.Java\EasyModbus\lib\lombok.jar;E:\wrk\EasyModbusTCP.Java\EasyModbus\lib\gson-2.6.2.jar;E:\wrk\EasyModbusTCP.Java\EasyModbus\build\classes
Launcher Type: SUN_STANDARD

Environment Variables:
JAVA_HOME=C:\Program Files\Java\jdk1.8.0_281
PATH=C:\ProgramData\Oracle\Java\javapath;C:\Windows\system32;C:\Windows;C:\Windows\System32\Wbem;C:\Windows\System32\WindowsPowerShell\v1.0\;C:\Windows\System32\OpenSSH\;C:\ProgramData\chocolatey\bin;C:\Program Files\Git\cmd;C:\Program Files\TortoiseSVN\bin;C:\Users\s.bikov\AppData\Local\Microsoft\WindowsApps;C:\Program Files\Java\jdk1.8.0_281\bin;
USERNAME=s.bikov
OS=Windows_NT
PROCESSOR_IDENTIFIER=Intel64 Family 6 Model 58 Stepping 9, GenuineIntel



---------------  S Y S T E M  ---------------

OS: Windows 10.0 , 64 bit Build 19041 (10.0.19041.662)

CPU:total 4 (initial active 4) (2 cores per cpu, 2 threads per core) family 6 model 58 stepping 9, cmov, cx8, fxsr, mmx, sse, sse2, sse3, ssse3, sse4.1, sse4.2, popcnt, avx, clmul, erms, ht, tsc, tscinvbit, tscinv

Memory: 4k page, physical 8303852k(3137584k free), swap 11842796k(5131980k free)

vm_info: Java HotSpot(TM) 64-Bit Server VM (25.281-b09) for windows-amd64 JRE (1.8.0_281-b09), built on Dec  9 2020 13:54:07 by "" with MS VC++ 15.9 (VS2017)

time: Fri Feb 19 13:33:35 2021
timezone: Финляндия (зима)
elapsed time: 10.622325 seconds (0d 0h 0m 10s)

